Flow report for CONTADOR
Fri Mar 08 21:44:16 2024
Quartus II 64-Bit Version 13.1.0 Build 162 10/23/2013 SJ Web Edition


---------------------
; Table of Contents ;
---------------------
  1. Legal Notice
  2. Flow Summary
  3. Flow Settings
  4. Flow Non-Default Global Settings
  5. Flow Elapsed Time
  6. Flow OS Summary
  7. Flow Log
  8. Flow Messages
  9. Flow Suppressed Messages



----------------
; Legal Notice ;
----------------
Copyright (C) 1991-2013 Altera Corporation
Your use of Altera Corporation's design tools, logic functions 
and other software and tools, and its AMPP partner logic 
functions, and any output files from any of the foregoing 
(including device programming or simulation files), and any 
associated documentation or information are expressly subject 
to the terms and conditions of the Altera Program License 
Subscription Agreement, Altera MegaCore Function License 
Agreement, or other applicable license agreement, including, 
without limitation, that your use is for the sole purpose of 
programming logic devices manufactured by Altera and sold by 
Altera or its authorized distributors.  Please refer to the 
applicable agreement for further details.



+------------------------------------------------------------------------+
; Flow Summary                                                           ;
+---------------------------+--------------------------------------------+
; Flow Status               ; Successful - Fri Mar 08 21:44:16 2024      ;
; Quartus II 64-Bit Version ; 13.1.0 Build 162 10/23/2013 SJ Web Edition ;
; Revision Name             ; CONTADOR                                   ;
; Top-level Entity Name     ; CONTADOR                                   ;
; Family                    ; MAX II                                     ;
; Device                    ; EPM240T100C5                               ;
; Timing Models             ; Final                                      ;
; Total logic elements      ; 3 / 240 ( 1 % )                            ;
; Total pins                ; 5 / 80 ( 6 % )                             ;
; Total virtual pins        ; 0                                          ;
; UFM blocks                ; 0 / 1 ( 0 % )                              ;
+---------------------------+--------------------------------------------+


+-----------------------------------------+
; Flow Settings                           ;
+-------------------+---------------------+
; Option            ; Setting             ;
+-------------------+---------------------+
; Start date & time ; 03/08/2024 21:43:46 ;
; Main task         ; Compilation         ;
; Revision Name     ; CONTADOR            ;
+-------------------+---------------------+


+---------------------------------------------------------------------------------------------------------------------+
; Flow Non-Default Global Settings                                                                                    ;
+---------------------------------------+------------------------------+---------------+-------------+----------------+
; Assignment Name                       ; Value                        ; Default Value ; Entity Name ; Section Id     ;
+---------------------------------------+------------------------------+---------------+-------------+----------------+
; COMPILER_SIGNATURE_ID                 ; 963351281667.170995582621392 ; --            ; --          ; --             ;
; EDA_GENERATE_FUNCTIONAL_NETLIST       ; On                           ; --            ; --          ; eda_simulation ;
; EDA_OUTPUT_DATA_FORMAT                ; Verilog Hdl                  ; --            ; --          ; eda_simulation ;
; EDA_SIMULATION_TOOL                   ; ModelSim-Altera (Verilog)    ; <None>        ; --          ; --             ;
; MAX_CORE_JUNCTION_TEMP                ; 85                           ; --            ; --          ; --             ;
; MIN_CORE_JUNCTION_TEMP                ; 0                            ; --            ; --          ; --             ;
; POWER_EXT_SUPPLY_VOLTAGE_TO_REGULATOR ; 3.3V                         ; --            ; --          ; --             ;
; PROJECT_OUTPUT_DIRECTORY              ; output_files                 ; --            ; --          ; --             ;
+---------------------------------------+------------------------------+---------------+-------------+----------------+


+-------------------------------------------------------------------------------------------------------------------------------+
; Flow Elapsed Time                                                                                                             ;
+---------------------------+--------------+-------------------------+---------------------+------------------------------------+
; Module Name               ; Elapsed Time ; Average Processors Used ; Peak Virtual Memory ; Total CPU Time (on all processors) ;
+---------------------------+--------------+-------------------------+---------------------+------------------------------------+
; Analysis & Synthesis      ; 00:00:03     ; 1.0                     ; 4590 MB             ; 00:00:01                           ;
; Fitter                    ; 00:00:05     ; 1.0                     ; 4826 MB             ; 00:00:01                           ;
; Assembler                 ; 00:00:01     ; 1.0                     ; 4549 MB             ; 00:00:01                           ;
; TimeQuest Timing Analyzer ; 00:00:02     ; 1.0                     ; 4545 MB             ; 00:00:01                           ;
; EDA Netlist Writer        ; 00:00:01     ; 1.0                     ; 4504 MB             ; 00:00:00                           ;
; EDA Netlist Writer        ; 00:00:01     ; 1.0                     ; 4527 MB             ; 00:00:00                           ;
; EDA Netlist Writer        ; 00:00:01     ; 1.0                     ; 4527 MB             ; 00:00:00                           ;
; Total                     ; 00:00:14     ; --                      ; --                  ; 00:00:04                           ;
+---------------------------+--------------+-------------------------+---------------------+------------------------------------+


+----------------------------------------------------------------------------------------+
; Flow OS Summary                                                                        ;
+---------------------------+------------------+-----------+------------+----------------+
; Module Name               ; Machine Hostname ; OS Name   ; OS Version ; Processor type ;
+---------------------------+------------------+-----------+------------+----------------+
; Analysis & Synthesis      ; IVAN-LAP         ; Windows 7 ; 6.2        ; x86_64         ;
; Fitter                    ; IVAN-LAP         ; Windows 7 ; 6.2        ; x86_64         ;
; Assembler                 ; IVAN-LAP         ; Windows 7 ; 6.2        ; x86_64         ;
; TimeQuest Timing Analyzer ; IVAN-LAP         ; Windows 7 ; 6.2        ; x86_64         ;
; EDA Netlist Writer        ; IVAN-LAP         ; Windows 7 ; 6.2        ; x86_64         ;
; EDA Netlist Writer        ; IVAN-LAP         ; Windows 7 ; 6.2        ; x86_64         ;
; EDA Netlist Writer        ; IVAN-LAP         ; Windows 7 ; 6.2        ; x86_64         ;
+---------------------------+------------------+-----------+------------+----------------+


------------
; Flow Log ;
------------
quartus_map --lower_priority --read_settings_files=on --write_settings_files=off CONTADOR -c CONTADOR
quartus_fit --lower_priority --read_settings_files=off --write_settings_files=off CONTADOR -c CONTADOR
quartus_asm --lower_priority --read_settings_files=off --write_settings_files=off CONTADOR -c CONTADOR
quartus_sta --lower_priority CONTADOR -c CONTADOR
quartus_eda --lower_priority --read_settings_files=off --write_settings_files=off CONTADOR -c CONTADOR
quartus_eda --gen_testbench --check_outputs=on --tool=modelsim_oem --format=verilog CONTADOR -c CONTADOR --vector_source=D:/PROYECTOS_ALTERA/TEORIA/CONTADOR_3_BITS/Contador.vwf --testbench_file=D:/PROYECTOS_ALTERA/TEORIA/CONTADOR_3_BITS/simulation/qsim/Contador.vwf.vt
quartus_eda --functional=on --flatten_buses=off --simulation=on --tool=modelsim_oem --format=verilog --output_directory=D:/PROYECTOS_ALTERA/TEORIA/CONTADOR_3_BITS/simulation/qsim/ CONTADOR -c CONTADOR



